Using pre-set license
Built from '2021.1/staging' branch; Version is '2021.1.7f1 (d91830b65d9b) revision 14227504'; Using compiler version '192528614'; Build Type 'Release'
OS: 'Windows 10 Home; OS build 19043.1110; Version 2009; 64bit' Language: 'en' Physical Memory: 16300 MB
BatchMode: 1, IsHumanControllingUs: 0, StartBugReporterOnCrash: 0, Is64bit: 1, IsPro: 0

 COMMAND LINE ARGUMENTS:
C:\Program Files\Unity\Hub\Editor\2021.1.7f1\Editor\Unity.exe
-adb2
-batchMode
-noUpm
-name
AssetImportWorker1
-projectPath
C:/Users/hoang/Downloads/ProJect/ProJect/New Unity Project
-logFile
Logs/AssetImportWorker1.log
-srvPort
57466
Successfully changed project path to: C:/Users/hoang/Downloads/ProJect/ProJect/New Unity Project
C:/Users/hoang/Downloads/ProJect/ProJect/New Unity Project
Using Asset Import Pipeline V2.
Refreshing native plugins compatible for Editor in 481.38 ms, found 4 plugins.
Preloading 0 native plugins for Editor in 0.00 ms.
Initialize engine version: 2021.1.7f1 (d91830b65d9b)
[Subsystems] Discovering subsystems at path C:/Program Files/Unity/Hub/Editor/2021.1.7f1/Editor/Data/Resources/UnitySubsystems
[Subsystems] Discovering subsystems at path C:/Users/hoang/Downloads/ProJect/ProJect/New Unity Project/Assets
GfxDevice: creating device client; threaded=0; jobified=0
Direct3D:
    Version:  Direct3D 11.0 [level 11.1]
    Renderer: NVIDIA GeForce GTX 1060 6GB (ID=0x1c03)
    Vendor:   NVIDIA
    VRAM:     6052 MB
    Driver:   30.0.14.7111
Initialize mono
Mono path[0] = 'C:/Program Files/Unity/Hub/Editor/2021.1.7f1/Editor/Data/Managed'
Mono path[1] = 'C:/Program Files/Unity/Hub/Editor/2021.1.7f1/Editor/Data/MonoBleedingEdge/lib/mono/unityjit'
Mono config path = 'C:/Program Files/Unity/Hub/Editor/2021.1.7f1/Editor/Data/MonoBleedingEdge/etc'
Using monoOptions --debugger-agent=transport=dt_socket,embedding=1,server=y,suspend=n,address=127.0.0.1:56628
Begin MonoManager ReloadAssembly
Registering precompiled unity dll's ...
Register platform support module: C:/Program Files/Unity/Hub/Editor/2021.1.7f1/Editor/Data/PlaybackEngines/WindowsStandaloneSupport/UnityEditor.WindowsStandalone.Extensions.dll
Registered in 0.002004 seconds.
Native extension for WindowsStandalone target not found
Refreshing native plugins compatible for Editor in 129.16 ms, found 4 plugins.
Preloading 0 native plugins for Editor in 0.00 ms.
Mono: successfully reloaded assembly
- Completed reload, in  2.487 seconds
Platform modules already initialized, skipping
Registering precompiled user dll's ...
Registered in 0.006694 seconds.
Begin MonoManager ReloadAssembly
Symbol file LoadedFromMemory doesn't match image C:\Users\hoang\Downloads\ProJect\ProJect\New Unity Project\Library\PackageCache\com.unity.visualscripting@1.6.1\Editor\VisualScripting.Core\Dependencies\YamlDotNet\Unity.VisualScripting.YamlDotNet.dll
Symbol file LoadedFromMemory doesn't match image C:\Users\hoang\Downloads\ProJect\ProJect\New Unity Project\Library\PackageCache\com.unity.visualscripting@1.6.1\Editor\VisualScripting.Core\Dependencies\DotNetZip\Unity.VisualScripting.IonicZip.dll
Native extension for WindowsStandalone target not found
Refreshing native plugins compatible for Editor in 128.71 ms, found 4 plugins.
Preloading 0 native plugins for Editor in 0.00 ms.
Mono: successfully reloaded assembly
- Completed reload, in  1.671 seconds
Platform modules already initialized, skipping
========================================================================
Worker process is ready to serve import requests
Launched and connected shader compiler UnityShaderCompiler.exe after 0.11 seconds
Refreshing native plugins compatible for Editor in 0.90 ms, found 4 plugins.
Preloading 0 native plugins for Editor in 0.00 ms.
Unloading 3932 Unused Serialized files (Serialized files now loaded: 0)
System memory in use before: 151.4 MB.
System memory in use after: 150.2 MB.

Unloading 52 unused Assets to reduce memory usage. Loaded Objects now: 4364.
Total: 3.596300 ms (FindLiveObjects: 0.288800 ms CreateObjectMapping: 0.197400 ms MarkObjects: 2.414500 ms  DeleteObjects: 0.693900 ms)

========================================================================
Received Import Request.
  path: Assets/GameController.cs
  artifactKey: Guid(4a5799e5eb6fda14ebf9501b2f2b6239) Importer(815301076,1909f56bfc062723c751e8b465ee728b)
Start importing Assets/GameController.cs using Guid(4a5799e5eb6fda14ebf9501b2f2b6239) Importer(815301076,1909f56bfc062723c751e8b465ee728b)  -> (artifact id: '4426aa65bd90b12dca6cc5d693f0045d') in 0.034736 seconds 
========================================================================
Received Import Request.
  Time since last request: 107.944512 seconds.
  path: Assets/Scenes/Level2.unity
  artifactKey: Guid(8a6aa691d4bd3d04b8629d60d327d885) Importer(815301076,1909f56bfc062723c751e8b465ee728b)
Start importing Assets/Scenes/Level2.unity using Guid(8a6aa691d4bd3d04b8629d60d327d885) Importer(815301076,1909f56bfc062723c751e8b465ee728b)  -> (artifact id: '665d518a641457b07d5d7e49bc2013f7') in 0.019783 seconds 
========================================================================
Received Prepare
Registering precompiled user dll's ...
Registered in 0.006319 seconds.
Begin MonoManager ReloadAssembly
Symbol file LoadedFromMemory doesn't match image C:\Users\hoang\Downloads\ProJect\ProJect\New Unity Project\Library\PackageCache\com.unity.visualscripting@1.6.1\Editor\VisualScripting.Core\Dependencies\YamlDotNet\Unity.VisualScripting.YamlDotNet.dll
Symbol file LoadedFromMemory doesn't match image C:\Users\hoang\Downloads\ProJect\ProJect\New Unity Project\Library\PackageCache\com.unity.visualscripting@1.6.1\Editor\VisualScripting.Core\Dependencies\DotNetZip\Unity.VisualScripting.IonicZip.dll
Native extension for WindowsStandalone target not found
Refreshing native plugins compatible for Editor in 1.09 ms, found 4 plugins.
Preloading 0 native plugins for Editor in 0.00 ms.
Mono: successfully reloaded assembly
- Completed reload, in  1.274 seconds
Platform modules already initialized, skipping
Refreshing native plugins compatible for Editor in 1.01 ms, found 4 plugins.
Preloading 0 native plugins for Editor in 0.00 ms.
Unloading 3904 Unused Serialized files (Serialized files now loaded: 0)
System memory in use before: 149.0 MB.
System memory in use after: 147.9 MB.

Unloading 40 unused Assets to reduce memory usage. Loaded Objects now: 4368.
Total: 3.513000 ms (FindLiveObjects: 0.290000 ms CreateObjectMapping: 0.215800 ms MarkObjects: 2.347000 ms  DeleteObjects: 0.658900 ms)

========================================================================
Received Prepare
Registering precompiled user dll's ...
Registered in 0.006754 seconds.
Begin MonoManager ReloadAssembly
Symbol file LoadedFromMemory doesn't match image C:\Users\hoang\Downloads\ProJect\ProJect\New Unity Project\Library\PackageCache\com.unity.visualscripting@1.6.1\Editor\VisualScripting.Core\Dependencies\YamlDotNet\Unity.VisualScripting.YamlDotNet.dll
Symbol file LoadedFromMemory doesn't match image C:\Users\hoang\Downloads\ProJect\ProJect\New Unity Project\Library\PackageCache\com.unity.visualscripting@1.6.1\Editor\VisualScripting.Core\Dependencies\DotNetZip\Unity.VisualScripting.IonicZip.dll
Native extension for WindowsStandalone target not found
Refreshing native plugins compatible for Editor in 0.93 ms, found 4 plugins.
Preloading 0 native plugins for Editor in 0.00 ms.
Mono: successfully reloaded assembly
- Completed reload, in  2.347 seconds
Platform modules already initialized, skipping
Refreshing native plugins compatible for Editor in 1.03 ms, found 4 plugins.
Preloading 0 native plugins for Editor in 0.00 ms.
Unloading 3905 Unused Serialized files (Serialized files now loaded: 0)
System memory in use before: 149.2 MB.
System memory in use after: 148.0 MB.

Unloading 40 unused Assets to reduce memory usage. Loaded Objects now: 4373.
Total: 3.405700 ms (FindLiveObjects: 0.273000 ms CreateObjectMapping: 0.184400 ms MarkObjects: 2.174200 ms  DeleteObjects: 0.773100 ms)

========================================================================
Received Import Request.
  Time since last request: 117.415783 seconds.
  path: Assets/Ui.cs
  artifactKey: Guid(002ddf26e9a141d4bb9e54fa06183d54) Importer(815301076,1909f56bfc062723c751e8b465ee728b)
Start importing Assets/Ui.cs using Guid(002ddf26e9a141d4bb9e54fa06183d54) Importer(815301076,1909f56bfc062723c751e8b465ee728b)  -> (artifact id: '695f626fb57a0dc2adf2c6eeb288f079') in 0.010427 seconds 
========================================================================
Received Prepare
Registering precompiled user dll's ...
Registered in 0.006281 seconds.
Begin MonoManager ReloadAssembly
Symbol file LoadedFromMemory doesn't match image C:\Users\hoang\Downloads\ProJect\ProJect\New Unity Project\Library\PackageCache\com.unity.visualscripting@1.6.1\Editor\VisualScripting.Core\Dependencies\YamlDotNet\Unity.VisualScripting.YamlDotNet.dll
Symbol file LoadedFromMemory doesn't match image C:\Users\hoang\Downloads\ProJect\ProJect\New Unity Project\Library\PackageCache\com.unity.visualscripting@1.6.1\Editor\VisualScripting.Core\Dependencies\DotNetZip\Unity.VisualScripting.IonicZip.dll
Native extension for WindowsStandalone target not found
Refreshing native plugins compatible for Editor in 0.92 ms, found 4 plugins.
Preloading 0 native plugins for Editor in 0.00 ms.
Mono: successfully reloaded assembly
- Completed reload, in  1.335 seconds
Platform modules already initialized, skipping
Refreshing native plugins compatible for Editor in 0.92 ms, found 4 plugins.
Preloading 0 native plugins for Editor in 0.00 ms.
Unloading 3905 Unused Serialized files (Serialized files now loaded: 0)
System memory in use before: 149.2 MB.
System memory in use after: 148.0 MB.

Unloading 40 unused Assets to reduce memory usage. Loaded Objects now: 4377.
Total: 4.070300 ms (FindLiveObjects: 0.397500 ms CreateObjectMapping: 0.342800 ms MarkObjects: 2.603800 ms  DeleteObjects: 0.725100 ms)

========================================================================
Received Prepare
Registering precompiled user dll's ...
Registered in 0.012073 seconds.
Begin MonoManager ReloadAssembly
Symbol file LoadedFromMemory doesn't match image C:\Users\hoang\Downloads\ProJect\ProJect\New Unity Project\Library\PackageCache\com.unity.visualscripting@1.6.1\Editor\VisualScripting.Core\Dependencies\YamlDotNet\Unity.VisualScripting.YamlDotNet.dll
Symbol file LoadedFromMemory doesn't match image C:\Users\hoang\Downloads\ProJect\ProJect\New Unity Project\Library\PackageCache\com.unity.visualscripting@1.6.1\Editor\VisualScripting.Core\Dependencies\DotNetZip\Unity.VisualScripting.IonicZip.dll
Native extension for WindowsStandalone target not found
Refreshing native plugins compatible for Editor in 0.95 ms, found 4 plugins.
Preloading 0 native plugins for Editor in 0.00 ms.
Mono: successfully reloaded assembly
- Completed reload, in  1.602 seconds
Platform modules already initialized, skipping
Refreshing native plugins compatible for Editor in 2.12 ms, found 4 plugins.
Preloading 0 native plugins for Editor in 0.00 ms.
Unloading 3905 Unused Serialized files (Serialized files now loaded: 0)
System memory in use before: 149.2 MB.
System memory in use after: 148.1 MB.

Unloading 40 unused Assets to reduce memory usage. Loaded Objects now: 4381.
Total: 7.969300 ms (FindLiveObjects: 0.694500 ms CreateObjectMapping: 0.369400 ms MarkObjects: 5.642700 ms  DeleteObjects: 1.261200 ms)

========================================================================
Received Prepare
Registering precompiled user dll's ...
Registered in 0.006402 seconds.
Begin MonoManager ReloadAssembly
Symbol file LoadedFromMemory doesn't match image C:\Users\hoang\Downloads\ProJect\ProJect\New Unity Project\Library\PackageCache\com.unity.visualscripting@1.6.1\Editor\VisualScripting.Core\Dependencies\YamlDotNet\Unity.VisualScripting.YamlDotNet.dll
Symbol file LoadedFromMemory doesn't match image C:\Users\hoang\Downloads\ProJect\ProJect\New Unity Project\Library\PackageCache\com.unity.visualscripting@1.6.1\Editor\VisualScripting.Core\Dependencies\DotNetZip\Unity.VisualScripting.IonicZip.dll
Native extension for WindowsStandalone target not found
Refreshing native plugins compatible for Editor in 0.96 ms, found 4 plugins.
Preloading 0 native plugins for Editor in 0.00 ms.
Mono: successfully reloaded assembly
- Completed reload, in  1.227 seconds
Platform modules already initialized, skipping
Refreshing native plugins compatible for Editor in 0.91 ms, found 4 plugins.
Preloading 0 native plugins for Editor in 0.00 ms.
Unloading 3905 Unused Serialized files (Serialized files now loaded: 0)
System memory in use before: 149.2 MB.
System memory in use after: 148.1 MB.

Unloading 40 unused Assets to reduce memory usage. Loaded Objects now: 4385.
Total: 5.405100 ms (FindLiveObjects: 0.352300 ms CreateObjectMapping: 0.263900 ms MarkObjects: 4.084900 ms  DeleteObjects: 0.702300 ms)

========================================================================
Received Import Request.
  Time since last request: 100.222541 seconds.
  path: Assets/Prefabs/Coin.prefab
  artifactKey: Guid(b11e24cce195ed5409e01bdb699d6700) Importer(815301076,1909f56bfc062723c751e8b465ee728b)
Start importing Assets/Prefabs/Coin.prefab using Guid(b11e24cce195ed5409e01bdb699d6700) Importer(815301076,1909f56bfc062723c751e8b465ee728b)  -> (artifact id: 'd6a904ab61eaf1e3825364781b35b879') in 0.125454 seconds 
========================================================================
Received Prepare
Registering precompiled user dll's ...
Registered in 0.006538 seconds.
Begin MonoManager ReloadAssembly
Symbol file LoadedFromMemory doesn't match image C:\Users\hoang\Downloads\ProJect\ProJect\New Unity Project\Library\PackageCache\com.unity.visualscripting@1.6.1\Editor\VisualScripting.Core\Dependencies\YamlDotNet\Unity.VisualScripting.YamlDotNet.dll
Symbol file LoadedFromMemory doesn't match image C:\Users\hoang\Downloads\ProJect\ProJect\New Unity Project\Library\PackageCache\com.unity.visualscripting@1.6.1\Editor\VisualScripting.Core\Dependencies\DotNetZip\Unity.VisualScripting.IonicZip.dll
Native extension for WindowsStandalone target not found
Refreshing native plugins compatible for Editor in 0.92 ms, found 4 plugins.
Preloading 0 native plugins for Editor in 0.00 ms.
Mono: successfully reloaded assembly
- Completed reload, in  1.256 seconds
Platform modules already initialized, skipping
Refreshing native plugins compatible for Editor in 0.97 ms, found 4 plugins.
Preloading 0 native plugins for Editor in 0.00 ms.
Unloading 3905 Unused Serialized files (Serialized files now loaded: 0)
System memory in use before: 153.8 MB.
System memory in use after: 152.7 MB.

Unloading 40 unused Assets to reduce memory usage. Loaded Objects now: 4396.
Total: 4.024200 ms (FindLiveObjects: 0.289900 ms CreateObjectMapping: 0.209500 ms MarkObjects: 2.854100 ms  DeleteObjects: 0.669000 ms)

========================================================================
Received Prepare
Registering precompiled user dll's ...
Registered in 0.006534 seconds.
Begin MonoManager ReloadAssembly
Symbol file LoadedFromMemory doesn't match image C:\Users\hoang\Downloads\ProJect\ProJect\New Unity Project\Library\PackageCache\com.unity.visualscripting@1.6.1\Editor\VisualScripting.Core\Dependencies\YamlDotNet\Unity.VisualScripting.YamlDotNet.dll
Symbol file LoadedFromMemory doesn't match image C:\Users\hoang\Downloads\ProJect\ProJect\New Unity Project\Library\PackageCache\com.unity.visualscripting@1.6.1\Editor\VisualScripting.Core\Dependencies\DotNetZip\Unity.VisualScripting.IonicZip.dll
Native extension for WindowsStandalone target not found
Refreshing native plugins compatible for Editor in 0.93 ms, found 4 plugins.
Preloading 0 native plugins for Editor in 0.00 ms.
Mono: successfully reloaded assembly
- Completed reload, in  1.236 seconds
Platform modules already initialized, skipping
Refreshing native plugins compatible for Editor in 0.92 ms, found 4 plugins.
Preloading 0 native plugins for Editor in 0.00 ms.
Unloading 3905 Unused Serialized files (Serialized files now loaded: 0)
System memory in use before: 153.8 MB.
System memory in use after: 152.7 MB.

Unloading 40 unused Assets to reduce memory usage. Loaded Objects now: 4400.
Total: 3.758200 ms (FindLiveObjects: 0.293500 ms CreateObjectMapping: 0.207200 ms MarkObjects: 2.564100 ms  DeleteObjects: 0.692800 ms)

========================================================================
Received Prepare
Registering precompiled user dll's ...
Registered in 0.006804 seconds.
Begin MonoManager ReloadAssembly
Symbol file LoadedFromMemory doesn't match image C:\Users\hoang\Downloads\ProJect\ProJect\New Unity Project\Library\PackageCache\com.unity.visualscripting@1.6.1\Editor\VisualScripting.Core\Dependencies\YamlDotNet\Unity.VisualScripting.YamlDotNet.dll
Symbol file LoadedFromMemory doesn't match image C:\Users\hoang\Downloads\ProJect\ProJect\New Unity Project\Library\PackageCache\com.unity.visualscripting@1.6.1\Editor\VisualScripting.Core\Dependencies\DotNetZip\Unity.VisualScripting.IonicZip.dll
Native extension for WindowsStandalone target not found
Refreshing native plugins compatible for Editor in 0.91 ms, found 4 plugins.
Preloading 0 native plugins for Editor in 0.00 ms.
Mono: successfully reloaded assembly
- Completed reload, in  1.188 seconds
Platform modules already initialized, skipping
Refreshing native plugins compatible for Editor in 0.90 ms, found 4 plugins.
Preloading 0 native plugins for Editor in 0.00 ms.
Unloading 3905 Unused Serialized files (Serialized files now loaded: 0)
System memory in use before: 153.8 MB.
System memory in use after: 152.7 MB.

Unloading 40 unused Assets to reduce memory usage. Loaded Objects now: 4404.
Total: 4.226100 ms (FindLiveObjects: 0.704600 ms CreateObjectMapping: 0.213500 ms MarkObjects: 2.610400 ms  DeleteObjects: 0.696900 ms)

========================================================================
Received Import Request.
  Time since last request: 167.838549 seconds.
  path: Assets/Prefabs/Coin.prefab
  artifactKey: Guid(b11e24cce195ed5409e01bdb699d6700) Importer(815301076,1909f56bfc062723c751e8b465ee728b)
Start importing Assets/Prefabs/Coin.prefab using Guid(b11e24cce195ed5409e01bdb699d6700) Importer(815301076,1909f56bfc062723c751e8b465ee728b)  -> (artifact id: '03e7460b601c24430de1e083499aadca') in 0.073238 seconds 
========================================================================
Received Prepare
Registering precompiled user dll's ...
Registered in 0.006861 seconds.
Begin MonoManager ReloadAssembly
Symbol file LoadedFromMemory doesn't match image C:\Users\hoang\Downloads\ProJect\ProJect\New Unity Project\Library\PackageCache\com.unity.visualscripting@1.6.1\Editor\VisualScripting.Core\Dependencies\YamlDotNet\Unity.VisualScripting.YamlDotNet.dll
Symbol file LoadedFromMemory doesn't match image C:\Users\hoang\Downloads\ProJect\ProJect\New Unity Project\Library\PackageCache\com.unity.visualscripting@1.6.1\Editor\VisualScripting.Core\Dependencies\DotNetZip\Unity.VisualScripting.IonicZip.dll
Native extension for WindowsStandalone target not found
Refreshing native plugins compatible for Editor in 0.93 ms, found 4 plugins.
Preloading 0 native plugins for Editor in 0.00 ms.
Mono: successfully reloaded assembly
- Completed reload, in  1.272 seconds
Platform modules already initialized, skipping
Refreshing native plugins compatible for Editor in 0.93 ms, found 4 plugins.
Preloading 0 native plugins for Editor in 0.00 ms.
Unloading 3905 Unused Serialized files (Serialized files now loaded: 0)
System memory in use before: 153.9 MB.
System memory in use after: 152.7 MB.

Unloading 40 unused Assets to reduce memory usage. Loaded Objects now: 4409.
Total: 3.695200 ms (FindLiveObjects: 0.275500 ms CreateObjectMapping: 0.179200 ms MarkObjects: 2.224300 ms  DeleteObjects: 1.015100 ms)

========================================================================
Received Import Request.
  Time since last request: 73.715631 seconds.
  path: Assets/Prefabs/Coin.prefab
  artifactKey: Guid(b11e24cce195ed5409e01bdb699d6700) Importer(815301076,1909f56bfc062723c751e8b465ee728b)
Start importing Assets/Prefabs/Coin.prefab using Guid(b11e24cce195ed5409e01bdb699d6700) Importer(815301076,1909f56bfc062723c751e8b465ee728b)  -> (artifact id: '2ed827bb40687ca4f41d6e6ae84a0040') in 0.071469 seconds 
========================================================================
Received Prepare
Registering precompiled user dll's ...
Registered in 0.006530 seconds.
Begin MonoManager ReloadAssembly
Symbol file LoadedFromMemory doesn't match image C:\Users\hoang\Downloads\ProJect\ProJect\New Unity Project\Library\PackageCache\com.unity.visualscripting@1.6.1\Editor\VisualScripting.Core\Dependencies\YamlDotNet\Unity.VisualScripting.YamlDotNet.dll
Symbol file LoadedFromMemory doesn't match image C:\Users\hoang\Downloads\ProJect\ProJect\New Unity Project\Library\PackageCache\com.unity.visualscripting@1.6.1\Editor\VisualScripting.Core\Dependencies\DotNetZip\Unity.VisualScripting.IonicZip.dll
Native extension for WindowsStandalone target not found
Refreshing native plugins compatible for Editor in 0.93 ms, found 4 plugins.
Preloading 0 native plugins for Editor in 0.00 ms.
Mono: successfully reloaded assembly
- Completed reload, in  1.274 seconds
Platform modules already initialized, skipping
Refreshing native plugins compatible for Editor in 1.03 ms, found 4 plugins.
Preloading 0 native plugins for Editor in 0.00 ms.
Unloading 3905 Unused Serialized files (Serialized files now loaded: 0)
System memory in use before: 153.8 MB.
System memory in use after: 152.7 MB.

Unloading 40 unused Assets to reduce memory usage. Loaded Objects now: 4414.
Total: 3.653000 ms (FindLiveObjects: 0.289600 ms CreateObjectMapping: 0.183000 ms MarkObjects: 2.487000 ms  DeleteObjects: 0.692100 ms)

========================================================================
Received Import Request.
  Time since last request: 130.898789 seconds.
  path: Assets/Prefabs/Player.prefab
  artifactKey: Guid(7bb63c64c692add4f84e4dc9063a40d8) Importer(815301076,1909f56bfc062723c751e8b465ee728b)
Start importing Assets/Prefabs/Player.prefab using Guid(7bb63c64c692add4f84e4dc9063a40d8) Importer(815301076,1909f56bfc062723c751e8b465ee728b)  -> (artifact id: 'a572e6982fd37734e229278feaaaac95') in 0.046551 seconds 
========================================================================
Received Prepare
Registering precompiled user dll's ...
Registered in 0.007032 seconds.
Begin MonoManager ReloadAssembly
Symbol file LoadedFromMemory doesn't match image C:\Users\hoang\Downloads\ProJect\ProJect\New Unity Project\Library\PackageCache\com.unity.visualscripting@1.6.1\Editor\VisualScripting.Core\Dependencies\YamlDotNet\Unity.VisualScripting.YamlDotNet.dll
Symbol file LoadedFromMemory doesn't match image C:\Users\hoang\Downloads\ProJect\ProJect\New Unity Project\Library\PackageCache\com.unity.visualscripting@1.6.1\Editor\VisualScripting.Core\Dependencies\DotNetZip\Unity.VisualScripting.IonicZip.dll
Native extension for WindowsStandalone target not found
Refreshing native plugins compatible for Editor in 0.95 ms, found 4 plugins.
Preloading 0 native plugins for Editor in 0.00 ms.
Mono: successfully reloaded assembly
- Completed reload, in  1.228 seconds
Platform modules already initialized, skipping
Refreshing native plugins compatible for Editor in 0.96 ms, found 4 plugins.
Preloading 0 native plugins for Editor in 0.00 ms.
Unloading 3905 Unused Serialized files (Serialized files now loaded: 0)
System memory in use before: 153.9 MB.
System memory in use after: 152.7 MB.

Unloading 40 unused Assets to reduce memory usage. Loaded Objects now: 4418.
Total: 3.807800 ms (FindLiveObjects: 0.323200 ms CreateObjectMapping: 0.283400 ms MarkObjects: 2.460400 ms  DeleteObjects: 0.739600 ms)

========================================================================
Received Import Request.
  Time since last request: 604.149809 seconds.
  path: ProjectSettings/TagManager.asset
  artifactKey: Guid(00000000000000003000000000000000) Importer(815301076,1909f56bfc062723c751e8b465ee728b)
Start importing ProjectSettings/TagManager.asset using Guid(00000000000000003000000000000000) Importer(815301076,1909f56bfc062723c751e8b465ee728b)  -> (artifact id: 'ac221ad6fab71822c572bc758ea0aeff') in 0.030813 seconds 
========================================================================
Received Prepare
Registering precompiled user dll's ...
Registered in 0.007301 seconds.
Begin MonoManager ReloadAssembly
Symbol file LoadedFromMemory doesn't match image C:\Users\hoang\Downloads\ProJect\ProJect\New Unity Project\Library\PackageCache\com.unity.visualscripting@1.6.1\Editor\VisualScripting.Core\Dependencies\YamlDotNet\Unity.VisualScripting.YamlDotNet.dll
Symbol file LoadedFromMemory doesn't match image C:\Users\hoang\Downloads\ProJect\ProJect\New Unity Project\Library\PackageCache\com.unity.visualscripting@1.6.1\Editor\VisualScripting.Core\Dependencies\DotNetZip\Unity.VisualScripting.IonicZip.dll
Native extension for WindowsStandalone target not found
Refreshing native plugins compatible for Editor in 0.92 ms, found 4 plugins.
Preloading 0 native plugins for Editor in 0.00 ms.
Mono: successfully reloaded assembly
- Completed reload, in  1.211 seconds
Platform modules already initialized, skipping
Refreshing native plugins compatible for Editor in 0.91 ms, found 4 plugins.
Preloading 0 native plugins for Editor in 0.00 ms.
Unloading 3905 Unused Serialized files (Serialized files now loaded: 0)
System memory in use before: 154.0 MB.
System memory in use after: 152.8 MB.

Unloading 41 unused Assets to reduce memory usage. Loaded Objects now: 4422.
Total: 3.727400 ms (FindLiveObjects: 0.292700 ms CreateObjectMapping: 0.194100 ms MarkObjects: 2.517500 ms  DeleteObjects: 0.722000 ms)

========================================================================
Received Prepare
Registering precompiled user dll's ...
Registered in 0.006303 seconds.
Begin MonoManager ReloadAssembly
Symbol file LoadedFromMemory doesn't match image C:\Users\hoang\Downloads\ProJect\ProJect\New Unity Project\Library\PackageCache\com.unity.visualscripting@1.6.1\Editor\VisualScripting.Core\Dependencies\YamlDotNet\Unity.VisualScripting.YamlDotNet.dll
Symbol file LoadedFromMemory doesn't match image C:\Users\hoang\Downloads\ProJect\ProJect\New Unity Project\Library\PackageCache\com.unity.visualscripting@1.6.1\Editor\VisualScripting.Core\Dependencies\DotNetZip\Unity.VisualScripting.IonicZip.dll
Native extension for WindowsStandalone target not found
Refreshing native plugins compatible for Editor in 0.92 ms, found 4 plugins.
Preloading 0 native plugins for Editor in 0.00 ms.
Mono: successfully reloaded assembly
- Completed reload, in  1.271 seconds
Platform modules already initialized, skipping
Refreshing native plugins compatible for Editor in 0.95 ms, found 4 plugins.
Preloading 0 native plugins for Editor in 0.00 ms.
Unloading 3905 Unused Serialized files (Serialized files now loaded: 0)
System memory in use before: 153.9 MB.
System memory in use after: 152.8 MB.

Unloading 40 unused Assets to reduce memory usage. Loaded Objects now: 4426.
Total: 4.413300 ms (FindLiveObjects: 0.299500 ms CreateObjectMapping: 0.214100 ms MarkObjects: 3.108400 ms  DeleteObjects: 0.789800 ms)

========================================================================
Received Prepare
Registering precompiled user dll's ...
Registered in 0.006392 seconds.
Begin MonoManager ReloadAssembly
Symbol file LoadedFromMemory doesn't match image C:\Users\hoang\Downloads\ProJect\ProJect\New Unity Project\Library\PackageCache\com.unity.visualscripting@1.6.1\Editor\VisualScripting.Core\Dependencies\YamlDotNet\Unity.VisualScripting.YamlDotNet.dll
Symbol file LoadedFromMemory doesn't match image C:\Users\hoang\Downloads\ProJect\ProJect\New Unity Project\Library\PackageCache\com.unity.visualscripting@1.6.1\Editor\VisualScripting.Core\Dependencies\DotNetZip\Unity.VisualScripting.IonicZip.dll
Native extension for WindowsStandalone target not found
Refreshing native plugins compatible for Editor in 0.94 ms, found 4 plugins.
Preloading 0 native plugins for Editor in 0.00 ms.
Mono: successfully reloaded assembly
- Completed reload, in  1.234 seconds
Platform modules already initialized, skipping
Refreshing native plugins compatible for Editor in 0.93 ms, found 4 plugins.
Preloading 0 native plugins for Editor in 0.00 ms.
Unloading 3905 Unused Serialized files (Serialized files now loaded: 0)
System memory in use before: 154.0 MB.
System memory in use after: 152.8 MB.

Unloading 40 unused Assets to reduce memory usage. Loaded Objects now: 4430.
Total: 3.704000 ms (FindLiveObjects: 0.274800 ms CreateObjectMapping: 0.183400 ms MarkObjects: 2.532800 ms  DeleteObjects: 0.712000 ms)

========================================================================
Received Prepare
Registering precompiled user dll's ...
Registered in 0.007115 seconds.
Begin MonoManager ReloadAssembly
Symbol file LoadedFromMemory doesn't match image C:\Users\hoang\Downloads\ProJect\ProJect\New Unity Project\Library\PackageCache\com.unity.visualscripting@1.6.1\Editor\VisualScripting.Core\Dependencies\YamlDotNet\Unity.VisualScripting.YamlDotNet.dll
Symbol file LoadedFromMemory doesn't match image C:\Users\hoang\Downloads\ProJect\ProJect\New Unity Project\Library\PackageCache\com.unity.visualscripting@1.6.1\Editor\VisualScripting.Core\Dependencies\DotNetZip\Unity.VisualScripting.IonicZip.dll
Native extension for WindowsStandalone target not found
Refreshing native plugins compatible for Editor in 0.92 ms, found 4 plugins.
Preloading 0 native plugins for Editor in 0.00 ms.
Mono: successfully reloaded assembly
- Completed reload, in  1.301 seconds
Platform modules already initialized, skipping
Refreshing native plugins compatible for Editor in 1.01 ms, found 4 plugins.
Preloading 0 native plugins for Editor in 0.00 ms.
Unloading 3905 Unused Serialized files (Serialized files now loaded: 0)
System memory in use before: 154.0 MB.
System memory in use after: 152.8 MB.

Unloading 40 unused Assets to reduce memory usage. Loaded Objects now: 4434.
Total: 4.353300 ms (FindLiveObjects: 0.324200 ms CreateObjectMapping: 0.331900 ms MarkObjects: 2.470700 ms  DeleteObjects: 1.225400 ms)

========================================================================
Received Prepare
Registering precompiled user dll's ...
Registered in 0.007784 seconds.
Begin MonoManager ReloadAssembly
Symbol file LoadedFromMemory doesn't match image C:\Users\hoang\Downloads\ProJect\ProJect\New Unity Project\Library\PackageCache\com.unity.visualscripting@1.6.1\Editor\VisualScripting.Core\Dependencies\YamlDotNet\Unity.VisualScripting.YamlDotNet.dll
Symbol file LoadedFromMemory doesn't match image C:\Users\hoang\Downloads\ProJect\ProJect\New Unity Project\Library\PackageCache\com.unity.visualscripting@1.6.1\Editor\VisualScripting.Core\Dependencies\DotNetZip\Unity.VisualScripting.IonicZip.dll
Native extension for WindowsStandalone target not found
Refreshing native plugins compatible for Editor in 1.03 ms, found 4 plugins.
Preloading 0 native plugins for Editor in 0.00 ms.
Mono: successfully reloaded assembly
- Completed reload, in  1.254 seconds
Platform modules already initialized, skipping
Refreshing native plugins compatible for Editor in 0.98 ms, found 4 plugins.
Preloading 0 native plugins for Editor in 0.00 ms.
Unloading 3905 Unused Serialized files (Serialized files now loaded: 0)
System memory in use before: 154.0 MB.
System memory in use after: 152.8 MB.

Unloading 40 unused Assets to reduce memory usage. Loaded Objects now: 4438.
Total: 3.905500 ms (FindLiveObjects: 0.324300 ms CreateObjectMapping: 0.224900 ms MarkObjects: 2.600400 ms  DeleteObjects: 0.754600 ms)

========================================================================
Received Prepare
Registering precompiled user dll's ...
Registered in 0.007493 seconds.
Begin MonoManager ReloadAssembly
Symbol file LoadedFromMemory doesn't match image C:\Users\hoang\Downloads\ProJect\ProJect\New Unity Project\Library\PackageCache\com.unity.visualscripting@1.6.1\Editor\VisualScripting.Core\Dependencies\YamlDotNet\Unity.VisualScripting.YamlDotNet.dll
Symbol file LoadedFromMemory doesn't match image C:\Users\hoang\Downloads\ProJect\ProJect\New Unity Project\Library\PackageCache\com.unity.visualscripting@1.6.1\Editor\VisualScripting.Core\Dependencies\DotNetZip\Unity.VisualScripting.IonicZip.dll
Native extension for WindowsStandalone target not found
Refreshing native plugins compatible for Editor in 0.92 ms, found 4 plugins.
Preloading 0 native plugins for Editor in 0.00 ms.
Mono: successfully reloaded assembly
- Completed reload, in  1.259 seconds
Platform modules already initialized, skipping
Refreshing native plugins compatible for Editor in 0.94 ms, found 4 plugins.
Preloading 0 native plugins for Editor in 0.00 ms.
Unloading 3905 Unused Serialized files (Serialized files now loaded: 0)
System memory in use before: 154.0 MB.
System memory in use after: 152.8 MB.

Unloading 40 unused Assets to reduce memory usage. Loaded Objects now: 4442.
Total: 3.718600 ms (FindLiveObjects: 0.307900 ms CreateObjectMapping: 0.237500 ms MarkObjects: 2.420700 ms  DeleteObjects: 0.751300 ms)

========================================================================
Received Prepare
Registering precompiled user dll's ...
Registered in 0.006379 seconds.
Begin MonoManager ReloadAssembly
Symbol file LoadedFromMemory doesn't match image C:\Users\hoang\Downloads\ProJect\ProJect\New Unity Project\Library\PackageCache\com.unity.visualscripting@1.6.1\Editor\VisualScripting.Core\Dependencies\YamlDotNet\Unity.VisualScripting.YamlDotNet.dll
Symbol file LoadedFromMemory doesn't match image C:\Users\hoang\Downloads\ProJect\ProJect\New Unity Project\Library\PackageCache\com.unity.visualscripting@1.6.1\Editor\VisualScripting.Core\Dependencies\DotNetZip\Unity.VisualScripting.IonicZip.dll
Native extension for WindowsStandalone target not found
Refreshing native plugins compatible for Editor in 0.92 ms, found 4 plugins.
Preloading 0 native plugins for Editor in 0.00 ms.
Mono: successfully reloaded assembly
- Completed reload, in  1.241 seconds
Platform modules already initialized, skipping
Refreshing native plugins compatible for Editor in 0.92 ms, found 4 plugins.
Preloading 0 native plugins for Editor in 0.00 ms.
Unloading 3905 Unused Serialized files (Serialized files now loaded: 0)
System memory in use before: 154.0 MB.
System memory in use after: 152.8 MB.

Unloading 40 unused Assets to reduce memory usage. Loaded Objects now: 4446.
Total: 4.066200 ms (FindLiveObjects: 0.317100 ms CreateObjectMapping: 0.213900 ms MarkObjects: 2.769400 ms  DeleteObjects: 0.764300 ms)

========================================================================
Received Prepare
Registering precompiled user dll's ...
Registered in 0.006853 seconds.
Begin MonoManager ReloadAssembly
Symbol file LoadedFromMemory doesn't match image C:\Users\hoang\Downloads\ProJect\ProJect\New Unity Project\Library\PackageCache\com.unity.visualscripting@1.6.1\Editor\VisualScripting.Core\Dependencies\YamlDotNet\Unity.VisualScripting.YamlDotNet.dll
Symbol file LoadedFromMemory doesn't match image C:\Users\hoang\Downloads\ProJect\ProJect\New Unity Project\Library\PackageCache\com.unity.visualscripting@1.6.1\Editor\VisualScripting.Core\Dependencies\DotNetZip\Unity.VisualScripting.IonicZip.dll
Native extension for WindowsStandalone target not found
Refreshing native plugins compatible for Editor in 0.91 ms, found 4 plugins.
Preloading 0 native plugins for Editor in 0.00 ms.
Mono: successfully reloaded assembly
- Completed reload, in  1.232 seconds
Platform modules already initialized, skipping
Refreshing native plugins compatible for Editor in 0.99 ms, found 4 plugins.
Preloading 0 native plugins for Editor in 0.00 ms.
Unloading 3905 Unused Serialized files (Serialized files now loaded: 0)
System memory in use before: 154.0 MB.
System memory in use after: 152.8 MB.

Unloading 40 unused Assets to reduce memory usage. Loaded Objects now: 4450.
Total: 4.129100 ms (FindLiveObjects: 0.308300 ms CreateObjectMapping: 0.274400 ms MarkObjects: 2.830600 ms  DeleteObjects: 0.713900 ms)

========================================================================
Received Prepare
Registering precompiled user dll's ...
Registered in 0.006749 seconds.
Begin MonoManager ReloadAssembly
Symbol file LoadedFromMemory doesn't match image C:\Users\hoang\Downloads\ProJect\ProJect\New Unity Project\Library\PackageCache\com.unity.visualscripting@1.6.1\Editor\VisualScripting.Core\Dependencies\YamlDotNet\Unity.VisualScripting.YamlDotNet.dll
Symbol file LoadedFromMemory doesn't match image C:\Users\hoang\Downloads\ProJect\ProJect\New Unity Project\Library\PackageCache\com.unity.visualscripting@1.6.1\Editor\VisualScripting.Core\Dependencies\DotNetZip\Unity.VisualScripting.IonicZip.dll
Native extension for WindowsStandalone target not found
Refreshing native plugins compatible for Editor in 0.93 ms, found 4 plugins.
Preloading 0 native plugins for Editor in 0.00 ms.
Mono: successfully reloaded assembly
- Completed reload, in  1.188 seconds
Platform modules already initialized, skipping
Refreshing native plugins compatible for Editor in 0.93 ms, found 4 plugins.
Preloading 0 native plugins for Editor in 0.00 ms.
Unloading 3905 Unused Serialized files (Serialized files now loaded: 0)
System memory in use before: 154.0 MB.
System memory in use after: 152.9 MB.

Unloading 40 unused Assets to reduce memory usage. Loaded Objects now: 4454.
Total: 3.906600 ms (FindLiveObjects: 0.294400 ms CreateObjectMapping: 0.210600 ms MarkObjects: 2.690900 ms  DeleteObjects: 0.710000 ms)

========================================================================
Received Import Request.
  Time since last request: 816.039137 seconds.
  path: Assets/BayatGames/Free Platform Game Assets/Tiles/2.5D Tiles/Spring/png/128x128/GrassJoinHillLeft2.png
  artifactKey: Guid(3624a44ba6181aa47bef3868d26f9f4a) Importer(815301076,1909f56bfc062723c751e8b465ee728b)
Start importing Assets/BayatGames/Free Platform Game Assets/Tiles/2.5D Tiles/Spring/png/128x128/GrassJoinHillLeft2.png using Guid(3624a44ba6181aa47bef3868d26f9f4a) Importer(815301076,1909f56bfc062723c751e8b465ee728b)  -> (artifact id: '5eacc036085efc0590cdec659e63df6b') in 0.129617 seconds 
========================================================================
Received Import Request.
  Time since last request: 82.191380 seconds.
  path: Assets/BayatGames/Free Platform Game Assets/Tiles/2.5D Tiles/Spring/png/128x128/GrassJoinHillLeft2_Down Shadow.png
  artifactKey: Guid(4802eb907cb033d4cbc3e33c64afc176) Importer(815301076,1909f56bfc062723c751e8b465ee728b)
Start importing Assets/BayatGames/Free Platform Game Assets/Tiles/2.5D Tiles/Spring/png/128x128/GrassJoinHillLeft2_Down Shadow.png using Guid(4802eb907cb033d4cbc3e33c64afc176) Importer(815301076,1909f56bfc062723c751e8b465ee728b)  -> (artifact id: '58d5599229fec5032f56a228523e0af3') in 0.027522 seconds 
========================================================================
Received Prepare
Registering precompiled user dll's ...
Registered in 0.009717 seconds.
Begin MonoManager ReloadAssembly
Symbol file LoadedFromMemory doesn't match image C:\Users\hoang\Downloads\ProJect\ProJect\New Unity Project\Library\PackageCache\com.unity.visualscripting@1.6.1\Editor\VisualScripting.Core\Dependencies\YamlDotNet\Unity.VisualScripting.YamlDotNet.dll
Symbol file LoadedFromMemory doesn't match image C:\Users\hoang\Downloads\ProJect\ProJect\New Unity Project\Library\PackageCache\com.unity.visualscripting@1.6.1\Editor\VisualScripting.Core\Dependencies\DotNetZip\Unity.VisualScripting.IonicZip.dll
Native extension for WindowsStandalone target not found
Refreshing native plugins compatible for Editor in 1.33 ms, found 4 plugins.
Preloading 0 native plugins for Editor in 0.00 ms.
Mono: successfully reloaded assembly
- Completed reload, in  1.395 seconds
Platform modules already initialized, skipping
Refreshing native plugins compatible for Editor in 0.96 ms, found 4 plugins.
Preloading 0 native plugins for Editor in 0.00 ms.
Unloading 3907 Unused Serialized files (Serialized files now loaded: 0)
System memory in use before: 154.9 MB.
System memory in use after: 153.8 MB.

Unloading 40 unused Assets to reduce memory usage. Loaded Objects now: 4491.
Total: 4.254400 ms (FindLiveObjects: 0.277700 ms CreateObjectMapping: 0.184600 ms MarkObjects: 3.081500 ms  DeleteObjects: 0.709500 ms)

========================================================================
Received Prepare
Registering precompiled user dll's ...
Registered in 0.006389 seconds.
Begin MonoManager ReloadAssembly
Symbol file LoadedFromMemory doesn't match image C:\Users\hoang\Downloads\ProJect\ProJect\New Unity Project\Library\PackageCache\com.unity.visualscripting@1.6.1\Editor\VisualScripting.Core\Dependencies\YamlDotNet\Unity.VisualScripting.YamlDotNet.dll
Symbol file LoadedFromMemory doesn't match image C:\Users\hoang\Downloads\ProJect\ProJect\New Unity Project\Library\PackageCache\com.unity.visualscripting@1.6.1\Editor\VisualScripting.Core\Dependencies\DotNetZip\Unity.VisualScripting.IonicZip.dll
Native extension for WindowsStandalone target not found
Refreshing native plugins compatible for Editor in 0.98 ms, found 4 plugins.
Preloading 0 native plugins for Editor in 0.00 ms.
Mono: successfully reloaded assembly
- Completed reload, in  1.220 seconds
Platform modules already initialized, skipping
Refreshing native plugins compatible for Editor in 0.92 ms, found 4 plugins.
Preloading 0 native plugins for Editor in 0.00 ms.
Unloading 3905 Unused Serialized files (Serialized files now loaded: 0)
System memory in use before: 154.9 MB.
System memory in use after: 153.7 MB.

Unloading 40 unused Assets to reduce memory usage. Loaded Objects now: 4495.
Total: 3.906500 ms (FindLiveObjects: 0.308800 ms CreateObjectMapping: 0.218700 ms MarkObjects: 2.641000 ms  DeleteObjects: 0.736800 ms)

========================================================================
Received Prepare
Registering precompiled user dll's ...
Registered in 0.006354 seconds.
Begin MonoManager ReloadAssembly
Symbol file LoadedFromMemory doesn't match image C:\Users\hoang\Downloads\ProJect\ProJect\New Unity Project\Library\PackageCache\com.unity.visualscripting@1.6.1\Editor\VisualScripting.Core\Dependencies\YamlDotNet\Unity.VisualScripting.YamlDotNet.dll
Symbol file LoadedFromMemory doesn't match image C:\Users\hoang\Downloads\ProJect\ProJect\New Unity Project\Library\PackageCache\com.unity.visualscripting@1.6.1\Editor\VisualScripting.Core\Dependencies\DotNetZip\Unity.VisualScripting.IonicZip.dll
Native extension for WindowsStandalone target not found
Refreshing native plugins compatible for Editor in 0.93 ms, found 4 plugins.
Preloading 0 native plugins for Editor in 0.00 ms.
Mono: successfully reloaded assembly
- Completed reload, in  1.224 seconds
Platform modules already initialized, skipping
Refreshing native plugins compatible for Editor in 1.01 ms, found 4 plugins.
Preloading 0 native plugins for Editor in 0.00 ms.
Unloading 3905 Unused Serialized files (Serialized files now loaded: 0)
System memory in use before: 154.9 MB.
System memory in use after: 153.7 MB.

Unloading 40 unused Assets to reduce memory usage. Loaded Objects now: 4499.
Total: 3.651500 ms (FindLiveObjects: 0.322100 ms CreateObjectMapping: 0.241600 ms MarkObjects: 2.363500 ms  DeleteObjects: 0.723000 ms)

========================================================================
Received Prepare
Registering precompiled user dll's ...
Registered in 0.008010 seconds.
Begin MonoManager ReloadAssembly
Symbol file LoadedFromMemory doesn't match image C:\Users\hoang\Downloads\ProJect\ProJect\New Unity Project\Library\PackageCache\com.unity.visualscripting@1.6.1\Editor\VisualScripting.Core\Dependencies\YamlDotNet\Unity.VisualScripting.YamlDotNet.dll
Symbol file LoadedFromMemory doesn't match image C:\Users\hoang\Downloads\ProJect\ProJect\New Unity Project\Library\PackageCache\com.unity.visualscripting@1.6.1\Editor\VisualScripting.Core\Dependencies\DotNetZip\Unity.VisualScripting.IonicZip.dll
Native extension for WindowsStandalone target not found
Refreshing native plugins compatible for Editor in 1.26 ms, found 4 plugins.
Preloading 0 native plugins for Editor in 0.00 ms.
Mono: successfully reloaded assembly
- Completed reload, in  1.614 seconds
Platform modules already initialized, skipping
Refreshing native plugins compatible for Editor in 1.26 ms, found 4 plugins.
Preloading 0 native plugins for Editor in 0.00 ms.
Unloading 3905 Unused Serialized files (Serialized files now loaded: 0)
System memory in use before: 154.9 MB.
System memory in use after: 153.7 MB.

Unloading 40 unused Assets to reduce memory usage. Loaded Objects now: 4503.
Total: 4.434300 ms (FindLiveObjects: 0.314600 ms CreateObjectMapping: 0.209900 ms MarkObjects: 3.181100 ms  DeleteObjects: 0.727100 ms)

========================================================================
Received Prepare
Registering precompiled user dll's ...
Registered in 0.006627 seconds.
Begin MonoManager ReloadAssembly
Symbol file LoadedFromMemory doesn't match image C:\Users\hoang\Downloads\ProJect\ProJect\New Unity Project\Library\PackageCache\com.unity.visualscripting@1.6.1\Editor\VisualScripting.Core\Dependencies\YamlDotNet\Unity.VisualScripting.YamlDotNet.dll
Symbol file LoadedFromMemory doesn't match image C:\Users\hoang\Downloads\ProJect\ProJect\New Unity Project\Library\PackageCache\com.unity.visualscripting@1.6.1\Editor\VisualScripting.Core\Dependencies\DotNetZip\Unity.VisualScripting.IonicZip.dll
Native extension for WindowsStandalone target not found
Refreshing native plugins compatible for Editor in 0.92 ms, found 4 plugins.
Preloading 0 native plugins for Editor in 0.00 ms.
Mono: successfully reloaded assembly
- Completed reload, in  1.246 seconds
Platform modules already initialized, skipping
Refreshing native plugins compatible for Editor in 0.92 ms, found 4 plugins.
Preloading 0 native plugins for Editor in 0.00 ms.
Unloading 3905 Unused Serialized files (Serialized files now loaded: 0)
System memory in use before: 154.9 MB.
System memory in use after: 153.7 MB.

Unloading 40 unused Assets to reduce memory usage. Loaded Objects now: 4507.
Total: 3.560500 ms (FindLiveObjects: 0.294800 ms CreateObjectMapping: 0.189500 ms MarkObjects: 2.351600 ms  DeleteObjects: 0.723600 ms)

========================================================================
Received Prepare
Registering precompiled user dll's ...
Registered in 0.006417 seconds.
Begin MonoManager ReloadAssembly
Symbol file LoadedFromMemory doesn't match image C:\Users\hoang\Downloads\ProJect\ProJect\New Unity Project\Library\PackageCache\com.unity.visualscripting@1.6.1\Editor\VisualScripting.Core\Dependencies\YamlDotNet\Unity.VisualScripting.YamlDotNet.dll
Symbol file LoadedFromMemory doesn't match image C:\Users\hoang\Downloads\ProJect\ProJect\New Unity Project\Library\PackageCache\com.unity.visualscripting@1.6.1\Editor\VisualScripting.Core\Dependencies\DotNetZip\Unity.VisualScripting.IonicZip.dll
Native extension for WindowsStandalone target not found
Refreshing native plugins compatible for Editor in 1.14 ms, found 4 plugins.
Preloading 0 native plugins for Editor in 0.00 ms.
Mono: successfully reloaded assembly
- Completed reload, in  1.228 seconds
Platform modules already initialized, skipping
Refreshing native plugins compatible for Editor in 0.91 ms, found 4 plugins.
Preloading 0 native plugins for Editor in 0.00 ms.
Unloading 3905 Unused Serialized files (Serialized files now loaded: 0)
System memory in use before: 154.9 MB.
System memory in use after: 153.7 MB.

Unloading 40 unused Assets to reduce memory usage. Loaded Objects now: 4511.
Total: 3.729100 ms (FindLiveObjects: 0.314500 ms CreateObjectMapping: 0.213000 ms MarkObjects: 2.501900 ms  DeleteObjects: 0.698600 ms)

AssetImportWorkerClient::OnTransportError - code=2 error=End of file
